02:37:46 **** Incremental Build of configuration Debug for project mini_project3 ****
make all 
Building file: ../main.c
Invoking: AVR Compiler
avr-gcc -Wall -g2 -gstabs -O0 -fpack-struct -fshort-enums -ffunction-sections -fdata-sections -std=gnu99 -funsigned-char -funsigned-bitfields -mmcu=atmega32 -DF_CPU=1000000UL -MMD -MP -MF"main.d" -MT"main.o" -c -o "main.o" "../main.c"
In file included from ../main.c:10:
c:/winavr-20100110/lib/gcc/../../avr/include/util/delay.h:90:3: warning: #warning "Compiler optimizations disabled; functions from <util/delay.h> won't work as designed"
Finished building: ../main.c
 
Building target: mini_project3.elf
Invoking: AVR C Linker
avr-gcc -Wl,-Map,mini_project3.map -mmcu=atmega32 -o "mini_project3.elf"  ./adc.o ./gpio.o ./lcd.o ./lm35.o ./main.o ./motor.o ./pwm.o   
Finished building target: mini_project3.elf
 
Invoking: AVR Create Extended Listing
avr-objdump -h -S mini_project3.elf  >"mini_project3.lss"
Finished building: mini_project3.lss
 
Invoking: Print Size
avr-size --format=avr --mcu=atmega32 mini_project3.elf
AVR Memory Usage
----------------
Device: atmega32

Program:    9554 bytes (29.2% Full)
(.text + .data + .bootloader)

Data:        298 bytes (14.6% Full)
(.data + .bss + .noinit)


Finished building: sizedummy
 
